<?xml version="1.0" encoding="UTF-8"?>
<testsuite name="iotest.DotsAndBoxesInputTest" tests="10" skipped="0" failures="0" errors="0" timestamp="2020-01-16T07:10:39" hostname="machine770" time="0.038">
  <properties/>
  <testcase name="getGridTest()" classname="iotest.DotsAndBoxesInputTest" time="0.002"/>
  <testcase name="readMoveTest()" classname="iotest.DotsAndBoxesInputTest" time="0.004"/>
  <testcase name="ResetGameExceptionTest()" classname="iotest.DotsAndBoxesInputTest" time="0.003"/>
  <testcase name="settedConverterExceptionTest()" classname="iotest.DotsAndBoxesInputTest" time="0.005"/>
  <testcase name="readInputTest()" classname="iotest.DotsAndBoxesInputTest" time="0.001"/>
  <testcase name="EndGameExceptionTest()" classname="iotest.DotsAndBoxesInputTest" time="0.004"/>
  <testcase name="DataFormatExceptionTest()" classname="iotest.DotsAndBoxesInputTest" time="0.003"/>
  <testcase name="customizePlayersTest()" classname="iotest.DotsAndBoxesInputTest" time="0.002"/>
  <testcase name="getPlayersNumberTest()" classname="iotest.DotsAndBoxesInputTest" time="0.001"/>
  <testcase name="readInputMoveParserTest()" classname="iotest.DotsAndBoxesInputTest" time="0.004"/>
  <system-out><![CDATA[Insert grid dimension in format:[rowsNumber] [columnsNumber]
Insert edge to be inserted in the format:[NodeNumber] [Direction={L,R,U or D}]
Insert edge to be inserted in the format:[NodeNumber] [Direction={L,R,U or D}]
Insert edge to be inserted in the format:[NodeNumber] [Direction={L,R,U or D}]
Insert edge to be inserted in the format:[NodeNumber] [Direction={L,R,U or D}]
Insert edge to be inserted in the format:[NodeNumber] [Direction={L,R,U or D}]
Insert edge to be inserted in the format:[NodeNumber] [Direction={L,R,U or D}]
Insert edge to be inserted in the format:[NodeNumber] [Direction={L,R,U or D}]
Do you want to customize player names? (y=yes,n=no)
Do you want to customize player names? (y=yes,n=no)
Enter number of players
Insert edge to be inserted in the format:[NodeNumber] [Direction={L,R,U or D}]
]]></system-out>
  <system-err><![CDATA[]]></system-err>
</testsuite>
