<?xml version="1.0" encoding="UTF-8"?>
<testsuite name="gametests.statustest.ScorerTest" tests="4" skipped="0" failures="0" errors="0" timestamp="2020-01-09T10:22:47" hostname="simonovo" time="0.03">
  <properties/>
  <testcase name="verticalMovePoint()" classname="gametests.statustest.ScorerTest" time="0.008"/>
  <testcase name="horizontalMovePoint()" classname="gametests.statustest.ScorerTest" time="0.004"/>
  <testcase name="verticalMoveNoPoint()" classname="gametests.statustest.ScorerTest" time="0.004"/>
  <testcase name="horizontalMoveNoPoint()" classname="gametests.statustest.ScorerTest" time="0.004"/>
  <system-out><![CDATA[]]></system-out>
  <system-err><![CDATA[]]></system-err>
</testsuite>
