<?xml version="1.0" encoding="UTF-8"?>
<testsuite name="gametests.statustest.PlayerTest" tests="4" skipped="0" failures="0" errors="0" timestamp="2020-01-22T16:56:47" hostname="andrea-TravelMate-5744" time="0.025">
  <properties/>
  <testcase name="ExceptionsThrown()" classname="gametests.statustest.PlayerTest" time="0.008"/>
  <testcase name="customNameTest()" classname="gametests.statustest.PlayerTest" time="0.002"/>
  <testcase name="noExceptionThrown()" classname="gametests.statustest.PlayerTest" time="0.003"/>
  <testcase name="defaultNameTest()" classname="gametests.statustest.PlayerTest" time="0.002"/>
  <system-out><![CDATA[]]></system-out>
  <system-err><![CDATA[]]></system-err>
</testsuite>
