<?xml version="1.0" encoding="UTF-8"?>
<testsuite name="gametests.statustest.PlayerTest" tests="2" skipped="0" failures="0" errors="0" timestamp="2020-01-16T07:10:39" hostname="machine770" time="0.024">
  <properties/>
  <testcase name="customNameTest()" classname="gametests.statustest.PlayerTest" time="0.022"/>
  <testcase name="defaultNameTest()" classname="gametests.statustest.PlayerTest" time="0.001"/>
  <system-out><![CDATA[]]></system-out>
  <system-err><![CDATA[]]></system-err>
</testsuite>
