<?xml version="1.0" encoding="UTF-8"?>
<testsuite name="iotest.DotsAndBoxesOutputTest" tests="1" skipped="0" failures="0" errors="0" timestamp="2020-01-08T14:40:14" hostname="simonovo" time="0.098">
  <properties/>
  <testcase name="seeOutputTest()" classname="iotest.DotsAndBoxesOutputTest" time="0.098"/>
  <system-out><![CDATA[00——01  02  03
                
04  05  06  07
                
08  09  10——11
         |      
12  13  14  15

]]></system-out>
  <system-err><![CDATA[]]></system-err>
</testsuite>
