<?xml version="1.0" encoding="UTF-8"?>
<testsuite name="gamesuite.BoardManagerTest" tests="2" skipped="0" failures="0" errors="0" timestamp="2020-01-21T11:21:52" hostname="andrea-TravelMate-5744" time="0.059">
  <properties/>
  <testcase name="rowAndColLengthTest()" classname="gamesuite.BoardManagerTest" time="0.052"/>
  <testcase name="moveDoneTest()" classname="gamesuite.BoardManagerTest" time="0.005"/>
  <system-out><![CDATA[]]></system-out>
  <system-err><![CDATA[]]></system-err>
</testsuite>
