<?xml version="1.0" encoding="UTF-8"?>
<testsuite name="gamesuite.BoardTest" tests="3" skipped="0" failures="0" errors="0" timestamp="2020-02-09T09:53:36" hostname="simonovo" time="0.01">
  <properties/>
  <testcase name="setElementTest()" classname="gamesuite.BoardTest" time="0.002"/>
  <testcase name="getElementTest()" classname="gamesuite.BoardTest" time="0.001"/>
  <testcase name="resetTest()" classname="gamesuite.BoardTest" time="0.004"/>
  <system-out><![CDATA[]]></system-out>
  <system-err><![CDATA[]]></system-err>
</testsuite>
