<?xml version="1.0" encoding="UTF-8"?>
<testsuite name="gamesuite.DotsAndBoxesMoveValidatorTest" tests="6" skipped="0" failures="0" errors="0" timestamp="2020-02-11T16:05:36" hostname="machine770" time="0.016">
  <properties/>
  <testcase name="NewMoveTest()" classname="gamesuite.DotsAndBoxesMoveValidatorTest" time="0.002"/>
  <testcase name="validateMoveOutOfBoardException()" classname="gamesuite.DotsAndBoxesMoveValidatorTest" time="0.002"/>
  <testcase name="validateMoveAlreadyDoneException()" classname="gamesuite.DotsAndBoxesMoveValidatorTest" time="0.002"/>
  <testcase name="outBoardMoveTests()" classname="gamesuite.DotsAndBoxesMoveValidatorTest" time="0.001"/>
  <testcase name="inBoardMoveTest()" classname="gamesuite.DotsAndBoxesMoveValidatorTest" time="0.002"/>
  <testcase name="validateNoExceptionTest()" classname="gamesuite.DotsAndBoxesMoveValidatorTest" time="0.002"/>
  <system-out><![CDATA[]]></system-out>
  <system-err><![CDATA[]]></system-err>
</testsuite>
