<?xml version="1.0" encoding="UTF-8"?>
<testsuite name="gamesuite.BoardTest" tests="3" skipped="0" failures="0" errors="0" timestamp="2020-01-22T16:56:47" hostname="andrea-TravelMate-5744" time="0.043">
  <properties/>
  <testcase name="setElementTest()" classname="gamesuite.BoardTest" time="0.006"/>
  <testcase name="getElementTest()" classname="gamesuite.BoardTest" time="0.002"/>
  <testcase name="resetTest()" classname="gamesuite.BoardTest" time="0.029"/>
  <system-out><![CDATA[]]></system-out>
  <system-err><![CDATA[]]></system-err>
</testsuite>
