<?xml version="1.0" encoding="UTF-8"?>
<testsuite name="gametests.statustest.PlayerTest" tests="4" skipped="0" failures="0" errors="0" timestamp="2020-02-11T16:05:36" hostname="machine770" time="0.031">
  <properties/>
  <testcase name="ExceptionsThrown()" classname="gametests.statustest.PlayerTest" time="0.014"/>
  <testcase name="customNameTest()" classname="gametests.statustest.PlayerTest" time="0.005"/>
  <testcase name="noExceptionThrown()" classname="gametests.statustest.PlayerTest" time="0.003"/>
  <testcase name="defaultNameTest()" classname="gametests.statustest.PlayerTest" time="0.003"/>
  <system-out><![CDATA[]]></system-out>
  <system-err><![CDATA[]]></system-err>
</testsuite>
