<?xml version="1.0" encoding="UTF-8"?>
<testsuite name="gamesuite.BoardManagerTest" tests="2" skipped="0" failures="0" errors="0" timestamp="2020-01-09T10:20:31" hostname="simonovo" time="0.004">
  <properties/>
  <testcase name="rowAndColLengthTest()" classname="gamesuite.BoardManagerTest" time="0.002"/>
  <testcase name="moveDoneTest()" classname="gamesuite.BoardManagerTest" time="0.001"/>
  <system-out><![CDATA[]]></system-out>
  <system-err><![CDATA[]]></system-err>
</testsuite>
