<?xml version="1.0" encoding="UTF-8"?>
<testsuite name="gamesuite.BoardTest" tests="3" skipped="0" failures="0" errors="0" timestamp="2020-02-11T16:05:36" hostname="machine770" time="0.009">
  <properties/>
  <testcase name="setElementTest()" classname="gamesuite.BoardTest" time="0.001"/>
  <testcase name="getElementTest()" classname="gamesuite.BoardTest" time="0.001"/>
  <testcase name="resetTest()" classname="gamesuite.BoardTest" time="0.004"/>
  <system-out><![CDATA[]]></system-out>
  <system-err><![CDATA[]]></system-err>
</testsuite>
