<?xml version="1.0" encoding="UTF-8"?>
<testsuite name="iotest.DotsAndBoxesInputTest" tests="8" skipped="0" failures="0" errors="0" timestamp="2020-02-03T09:44:22" hostname="simonovo" time="0.226">
  <properties/>
  <testcase name="getGridTest()" classname="iotest.DotsAndBoxesInputTest" time="0.071"/>
  <testcase name="ResetGameExceptionTest()" classname="iotest.DotsAndBoxesInputTest" time="0.018"/>
  <testcase name="settedConverterExceptionTest()" classname="iotest.DotsAndBoxesInputTest" time="0.041"/>
  <testcase name="EndGameExceptionTest()" classname="iotest.DotsAndBoxesInputTest" time="0.022"/>
  <testcase name="DataFormatExceptionTest()" classname="iotest.DotsAndBoxesInputTest" time="0.01"/>
  <testcase name="customizePlayersTest()" classname="iotest.DotsAndBoxesInputTest" time="0.007"/>
  <testcase name="getPlayersNumberTest()" classname="iotest.DotsAndBoxesInputTest" time="0.004"/>
  <testcase name="readInputMoveParserTest()" classname="iotest.DotsAndBoxesInputTest" time="0.012"/>
  <system-out><![CDATA[Insert grid dimension in format:[rowsNumber] [columnsNumber]
Insert edge to be inserted in the format:[NodeNumber] [Direction={L,R,U or D}]
Insert edge to be inserted in the format:[NodeNumber] [Direction={L,R,U or D}]
Insert edge to be inserted in the format:[NodeNumber] [Direction={L,R,U or D}]
Insert edge to be inserted in the format:[NodeNumber] [Direction={L,R,U or D}]
Insert edge to be inserted in the format:[NodeNumber] [Direction={L,R,U or D}]
Insert edge to be inserted in the format:[NodeNumber] [Direction={L,R,U or D}]
Do you want to customize player names? (y=yes,n=no)
Do you want to customize player names? (y=yes,n=no)
Enter number of players
Insert edge to be inserted in the format:[NodeNumber] [Direction={L,R,U or D}]
]]></system-out>
  <system-err><![CDATA[]]></system-err>
</testsuite>
