<?xml version="1.0" encoding="UTF-8"?>
<testsuite name="iotest.DotsAndBoxesInputTest" tests="8" skipped="0" failures="0" errors="0" timestamp="2020-02-11T16:05:36" hostname="machine770" time="0.048">
  <properties/>
  <testcase name="getGridTest()" classname="iotest.DotsAndBoxesInputTest" time="0.003"/>
  <testcase name="ResetGameExceptionTest()" classname="iotest.DotsAndBoxesInputTest" time="0.007"/>
  <testcase name="settedConverterExceptionTest()" classname="iotest.DotsAndBoxesInputTest" time="0.006"/>
  <testcase name="EndGameExceptionTest()" classname="iotest.DotsAndBoxesInputTest" time="0.005"/>
  <testcase name="customizePlayersTest()" classname="iotest.DotsAndBoxesInputTest" time="0.003"/>
  <testcase name="getPlayersNumberTest()" classname="iotest.DotsAndBoxesInputTest" time="0.002"/>
  <testcase name="ExhaustedInputTest()" classname="iotest.DotsAndBoxesInputTest" time="0.011"/>
  <testcase name="readInputMoveParserTest()" classname="iotest.DotsAndBoxesInputTest" time="0.004"/>
  <system-out><![CDATA[Insert grid dimension in format:[rowsNumber] [columnsNumber]
Insert grid dimension in format:[rowsNumber] [columnsNumber]
Provide edge to be inserted in the format:[NodeNumber] [Direction={L,R,U or D}]
Provide edge to be inserted in the format:[NodeNumber] [Direction={L,R,U or D}]
Insert grid dimension in format:[rowsNumber] [columnsNumber]
Provide edge to be inserted in the format:[NodeNumber] [Direction={L,R,U or D}]
Insert grid dimension in format:[rowsNumber] [columnsNumber]
Provide edge to be inserted in the format:[NodeNumber] [Direction={L,R,U or D}]
Provide edge to be inserted in the format:[NodeNumber] [Direction={L,R,U or D}]
Do you want to customize player names? (y=yes,n=no)
Do you want to customize player names? (y=yes,n=no)
Enter number of players
Insert grid dimension in format:[rowsNumber] [columnsNumber]
Provide edge to be inserted in the format:[NodeNumber] [Direction={L,R,U or D}]
Provide edge to be inserted in the format:[NodeNumber] [Direction={L,R,U or D}]
Provide edge to be inserted in the format:[NodeNumber] [Direction={L,R,U or D}]
Provide edge to be inserted in the format:[NodeNumber] [Direction={L,R,U or D}]
Provide edge to be inserted in the format:[NodeNumber] [Direction={L,R,U or D}]
Provide edge to be inserted in the format:[NodeNumber] [Direction={L,R,U or D}]
Insert grid dimension in format:[rowsNumber] [columnsNumber]
Provide edge to be inserted in the format:[NodeNumber] [Direction={L,R,U or D}]
]]></system-out>
  <system-err><![CDATA[Invalid move, please use the following format: [NodeNumber] [U|D|L|R]
Invalid move, please use the following format: [NodeNumber] [U|D|L|R]
]]></system-err>
</testsuite>
