<?xml version="1.0" encoding="UTF-8"?>
<testsuite name="gamesuite.BoardTest" tests="3" skipped="0" failures="0" errors="0" timestamp="2020-01-09T10:22:47" hostname="simonovo" time="0.025">
  <properties/>
  <testcase name="setElementTest()" classname="gamesuite.BoardTest" time="0.003"/>
  <testcase name="getElementTest()" classname="gamesuite.BoardTest" time="0.006"/>
  <testcase name="resetTest()" classname="gamesuite.BoardTest" time="0.011"/>
  <system-out><![CDATA[]]></system-out>
  <system-err><![CDATA[]]></system-err>
</testsuite>
