<?xml version="1.0" encoding="UTF-8"?>
<testsuite name="gametests.statustest.ScorerTest" tests="4" skipped="0" failures="0" errors="0" timestamp="2020-01-22T16:56:47" hostname="andrea-TravelMate-5744" time="0.053">
  <properties/>
  <testcase name="verticalMovePoint()" classname="gametests.statustest.ScorerTest" time="0.028"/>
  <testcase name="horizontalMovePoint()" classname="gametests.statustest.ScorerTest" time="0.004"/>
  <testcase name="verticalMoveNoPoint()" classname="gametests.statustest.ScorerTest" time="0.003"/>
  <testcase name="horizontalMoveNoPoint()" classname="gametests.statustest.ScorerTest" time="0.006"/>
  <system-out><![CDATA[]]></system-out>
  <system-err><![CDATA[]]></system-err>
</testsuite>
