<?xml version="1.0" encoding="UTF-8"?>
<testsuite name="gamesuite.BoardTest" tests="3" skipped="0" failures="0" errors="0" timestamp="2020-01-16T07:10:39" hostname="machine770" time="0.015">
  <properties/>
  <testcase name="setElementTest()" classname="gamesuite.BoardTest" time="0.002"/>
  <testcase name="getElementTest()" classname="gamesuite.BoardTest" time="0.0"/>
  <testcase name="resetTest()" classname="gamesuite.BoardTest" time="0.011"/>
  <system-out><![CDATA[]]></system-out>
  <system-err><![CDATA[]]></system-err>
</testsuite>
